Log file open, 09/29/17 15:05:51
LogInit:Display: Running engine for game: Tutorial2
LogPlatformFile: Not using cached read wrapper
LogInit:Display: RandInit(1844111614) SRandInit(1844111614).
LogTaskGraph: Started task graph with 5 named threads and 6 total threads with 1 sets of task threads.
LogStats: Stats thread started at 0.095264
LogInit: Using libcurl 7.47.1
LogInit:  - built for x86_64-pc-win32
LogInit:  - supports SSL with OpenSSL/1.0.2g
LogInit:  - supports HTTP deflate (compression) using libz 1.2.8
LogInit:  - other features:
LogInit:      CURL_VERSION_SSL
LogInit:      CURL_VERSION_LIBZ
LogInit:      CURL_VERSION_IPV6
LogInit:      CURL_VERSION_ASYNCHDNS
LogInit:      CURL_VERSION_LARGEFILE
LogInit:      CURL_VERSION_IDN
LogInit:  CurlRequestOptions (configurable via config and command line):
LogInit:  - bVerifyPeer = false  - Libcurl will NOT verify peer certificate
LogInit:  - bUseHttpProxy = false  - Libcurl will NOT use HTTP proxy
LogInit:  - bDontReuseConnections = false  - Libcurl will reuse connections
LogInit:  - CertBundlePath = nullptr  - Libcurl will use whatever was configured at build time.
LogInit: Build: ++UE4+Release-4.16-CL-3561208
LogInit: Engine Version: 4.16.3-3561208+++UE4+Release-4.16
LogInit: Compatible Engine Version: 4.16.0-3452394+++UE4+Release-4.16
LogInit: Net CL: 3452394
LogDevObjectVersion: Number of dev versions registered: 16
LogDevObjectVersion:   Dev-Blueprints (B0D832E4-1F89-4F0D-ACCF-7EB736FD4AA2): 9
LogDevObjectVersion:   Dev-Build (E1C64328-A22C-4D53-A36C-8E866417BD8C): 0
LogDevObjectVersion:   Dev-Core (375EC13C-06E4-48FB-B500-84F0262A717E): 2
LogDevObjectVersion:   Dev-Editor (E4B068ED-F494-42E9-A231-DA0B2E46BB41): 17
LogDevObjectVersion:   Dev-Framework (CFFC743F-43B0-4480-9391-14DF171D2073): 23
LogDevObjectVersion:   Dev-Mobile (B02B49B5-BB20-44E9-A304-32B752E40360): 0
LogDevObjectVersion:   Dev-Networking (A4E4105C-59A1-49B5-A7C5-40C4547EDFEE): 0
LogDevObjectVersion:   Dev-Online (39C831C9-5AE6-47DC-9A44-9C173E1C8E7C): 0
LogDevObjectVersion:   Dev-Physics (78F01B33-EBEA-4F98-B9B4-84EACCB95AA2): 0
LogDevObjectVersion:   Dev-Platform (6631380F-2D4D-43E0-8009-CF276956A95A): 0
LogDevObjectVersion:   Dev-Rendering (12F88B9F-8875-4AFC-A67C-D90C383ABD29): 15
LogDevObjectVersion:   Dev-Sequencer (7B5AE74C-D270-4C10-A958-57980B212A5A): 4
LogDevObjectVersion:   Dev-VR (D7296918-1DD6-4BDD-9DE2-64A83CC13884): 0
LogDevObjectVersion:   Dev-LoadTimes (C2A15278-BFE7-4AFE-6C17-90FF531DF755): 1
LogDevObjectVersion:   Private-Geometry (6EACA3D4-40EC-4CC1-B786-8BED09428FC5): 1
LogDevObjectVersion:   Dev-AnimPhys (29E575DD-E0A3-4627-9D10-D276232CDCEA): 3
LogInit: Compiled (64-bit): Jul 28 2017 11:49:47
LogInit: Compiled with Visual C++: 19.00.24215.01
LogInit: Build Configuration: Development
LogInit: Branch Name: ++UE4+Release-4.16
LogInit: Command line: 
LogInit: Base directory: C:/Program Files/Unreal rar/UE_4.16/Engine/Binaries/Win64/
LogInit: Installed Engine Build: 1
LogInit: Presizing for max 8388607 objects, including 0 objects not considered by GC, pre-allocating 0 bytes for permanent pool.
LogInit: Object subsystem initialized
[2017.09.29-08.05.51:973][  0]LogInit: Selected Device Profile: [Windows]
[2017.09.29-08.05.51:973][  0]LogInit: Applying CVar settings loaded from the selected device profile: [Windows]
[2017.09.29-08.05.52:042][  0]LogInit: Computer: HUMANS-PC
[2017.09.29-08.05.52:042][  0]LogInit: User: rifkiadrn
[2017.09.29-08.05.52:042][  0]LogInit: CPU Page size=4096, Cores=2
[2017.09.29-08.05.52:042][  0]LogInit: High frequency timer resolution =2.143474 MHz
[2017.09.29-08.05.52:042][  0]LogMemory: Memory total: Physical=7.9GB (8GB approx)
[2017.09.29-08.05.52:042][  0]LogMemory: Platform Memory Stats for Windows
[2017.09.29-08.05.52:042][  0]LogMemory: Process Physical Memory: 273.32 MB used, 273.32 MB peak
[2017.09.29-08.05.52:042][  0]LogMemory: Process Virtual Memory: 270.60 MB used, 270.60 MB peak
[2017.09.29-08.05.52:042][  0]LogMemory: Physical Memory: 4976.69 MB used,  3115.03 MB free, 8091.72 MB total
[2017.09.29-08.05.52:042][  0]LogMemory: Virtual Memory: 646.16 MB used,  3115.03 MB free, 134217728.00 MB total
[2017.09.29-08.05.52:142][  0]LogInit: Using OS detected language (en-US).
[2017.09.29-08.05.52:142][  0]LogInit: Using OS detected locale (en-US).
[2017.09.29-08.05.52:292][  0]LogTextLocalizationManager: No specific localization for 'en-US' exists, so the 'en' localization will be used.
[2017.09.29-08.05.57:247][  0]LogD3D11RHI: D3D11 adapters:
[2017.09.29-08.05.57:876][  0]LogD3D11RHI:    0. 'NVIDIA GeForce 840M' (Feature Level 11_0)
[2017.09.29-08.05.57:877][  0]LogD3D11RHI:       2019/0/4045 MB DedicatedVideo/DedicatedSystem/SharedSystem, Outputs:1, VendorId:0x10de
[2017.09.29-08.05.57:882][  0]LogD3D11RHI:    1. 'Intel(R) HD Graphics 5500' (Feature Level 11_0)
[2017.09.29-08.05.57:882][  0]LogD3D11RHI:       128/0/4045 MB DedicatedVideo/DedicatedSystem/SharedSystem, Outputs:0, VendorId:0x8086
[2017.09.29-08.05.57:884][  0]LogD3D11RHI:    2. 'Microsoft Basic Render Driver' (Feature Level 11_0)
[2017.09.29-08.05.57:884][  0]LogD3D11RHI:       0/0/4045 MB DedicatedVideo/DedicatedSystem/SharedSystem, Outputs:0, VendorId:0x1414
[2017.09.29-08.05.57:884][  0]LogD3D11RHI: Chosen D3D11 Adapter: 0
[2017.09.29-08.05.57:888][  0]LogD3D11RHI: Creating new Direct3DDevice
[2017.09.29-08.05.57:888][  0]LogD3D11RHI:     GPU DeviceId: 0x1341 (for the marketing name, search the web for "GPU Device Id")
[2017.09.29-08.05.57:888][  0]LogWindows: EnumDisplayDevices:
[2017.09.29-08.05.57:888][  0]LogWindows:    0. 'Intel(R) HD Graphics 5500' (P:1 D:1)
[2017.09.29-08.05.57:889][  0]LogWindows:    1. 'Intel(R) HD Graphics 5500' (P:0 D:0)
[2017.09.29-08.05.57:889][  0]LogWindows:    2. 'Intel(R) HD Graphics 5500' (P:0 D:0)
[2017.09.29-08.05.57:889][  0]LogWindows: DebugString: PrimaryIsNotTheChoosenAdapter PrimaryIsNotTheChoosenAdapter PrimaryIsNotTheChoosenAdapter FoundDriverCount:0 
[2017.09.29-08.05.57:889][  0]LogD3D11RHI:     Adapter Name: NVIDIA GeForce 840M
[2017.09.29-08.05.57:889][  0]LogD3D11RHI:   Driver Version: Unknown (internal:Unknown, unified:Unknown)
[2017.09.29-08.05.57:889][  0]LogD3D11RHI:      Driver Date: Unknown
[2017.09.29-08.05.57:889][  0]LogRHI: Texture pool is 1361 MB (70% of 1945 MB)
[2017.09.29-08.05.57:908][  0]LogD3D11RHI: Async texture creation enabled
[2017.09.29-08.05.57:927][  0]LogD3D11RHI: GPU Timing Frequency: 1000.000000 (Debug: 2 2)
[2017.09.29-08.05.57:928][  0]LogShaderCompilers: Guid format shader working directory is -24 characters bigger than the processId version (../../../../../../Users/rifkiadrn/Documents/Unreal Projects/Tutorial2 4.16/Intermediate/Shaders/WorkingDirectory/7600/).
[2017.09.29-08.05.57:928][  0]LogShaderCompilers: Cleaned the shader compiler working directory 'C:/Users/rifkiadrn/AppData/Local/Temp/UnrealShaderWorkingDir/81F3A3B246A06B1B3C7B458C0B9A1EE5/'.
[2017.09.29-08.05.57:928][  0]LogShaderCompilers:Display: Using Local Shader Compiler.
[2017.09.29-08.06.02:548][  0]LogTemp:Display: Loaded TP AllDesktopTargetPlatform
[2017.09.29-08.06.02:622][  0]LogTemp:Display: Loaded TP MacClientTargetPlatform
[2017.09.29-08.06.02:694][  0]LogTemp:Display: Loaded TP MacNoEditorTargetPlatform
[2017.09.29-08.06.02:765][  0]LogTemp:Display: Loaded TP MacServerTargetPlatform
[2017.09.29-08.06.02:852][  0]LogTemp:Display: Loaded TP MacTargetPlatform
[2017.09.29-08.06.02:922][  0]LogTemp:Display: Loaded TP WindowsClientTargetPlatform
[2017.09.29-08.06.02:994][  0]LogTemp:Display: Loaded TP WindowsNoEditorTargetPlatform
[2017.09.29-08.06.03:064][  0]LogTemp:Display: Loaded TP WindowsServerTargetPlatform
[2017.09.29-08.06.03:127][  0]LogTemp:Display: Loaded TP WindowsTargetPlatform
[2017.09.29-08.06.03:229][  0]LogTemp:Display: Loaded TP AndroidTargetPlatform
[2017.09.29-08.06.03:301][  0]LogTemp:Display: Loaded TP Android_ASTCTargetPlatform
[2017.09.29-08.06.03:370][  0]LogTemp:Display: Loaded TP Android_ATCTargetPlatform
[2017.09.29-08.06.03:440][  0]LogTemp:Display: Loaded TP Android_DXTTargetPlatform
[2017.09.29-08.06.03:509][  0]LogTemp:Display: Loaded TP Android_ETC1TargetPlatform
[2017.09.29-08.06.03:579][  0]LogTemp:Display: Loaded TP Android_ETC2TargetPlatform
[2017.09.29-08.06.03:719][  0]LogTemp:Display: Loaded TP Android_MultiTargetPlatform
[2017.09.29-08.06.03:719][  0]LogTemp:Display: Loaded TP Android_PVRTCTargetPlatform
[2017.09.29-08.06.03:777][  0]LogTemp:Display: Loaded TP HTML5TargetPlatform
[2017.09.29-08.06.03:958][  0]LogTemp:Display: Loaded TP IOSTargetPlatform
[2017.09.29-08.06.04:002][  0]LogTemp:Display: Loaded TP TVOSTargetPlatform
[2017.09.29-08.06.04:071][  0]LogTemp:Display: Loaded TP LinuxClientTargetPlatform
[2017.09.29-08.06.04:139][  0]LogTemp:Display: Loaded TP LinuxNoEditorTargetPlatform
[2017.09.29-08.06.04:207][  0]LogTemp:Display: Loaded TP LinuxServerTargetPlatform
[2017.09.29-08.06.04:287][  0]LogTemp:Display: Loaded TP LinuxTargetPlatform
[2017.09.29-08.06.04:287][  0]LogTargetPlatformManager:Display: Building Assets For Windows
[2017.09.29-08.06.05:072][  0]LogDerivedDataCache:Display: Max Cache Size: 512 MB
[2017.09.29-08.06.05:173][  0]LogDerivedDataCache: Loaded boot cache 0.10s 90MB C:/Users/rifkiadrn/AppData/Local/UnrealEngine/4.16/DerivedDataCache/Boot.ddc.
[2017.09.29-08.06.05:173][  0]LogDerivedDataCache:Display: Loaded Boot cache: C:/Users/rifkiadrn/AppData/Local/UnrealEngine/4.16/DerivedDataCache/Boot.ddc
[2017.09.29-08.06.05:173][  0]LogDerivedDataCache: FDerivedDataBackendGraph:  Pak pak cache file ../../../../../../Users/rifkiadrn/Documents/Unreal Projects/Tutorial2 4.16/DerivedDataCache/DDC.ddp not found, will not use a pak cache.
[2017.09.29-08.06.05:173][  0]LogDerivedDataCache: Unable to find inner node Pak for hierarchical cache Hierarchy.
[2017.09.29-08.06.05:173][  0]LogDerivedDataCache: FDerivedDataBackendGraph:  CompressedPak pak cache file ../../../../../../Users/rifkiadrn/Documents/Unreal Projects/Tutorial2 4.16/DerivedDataCache/Compressed.ddp not found, will not use a pak cache.
[2017.09.29-08.06.05:173][  0]LogDerivedDataCache: Unable to find inner node CompressedPak for hierarchical cache Hierarchy.
[2017.09.29-08.06.05:195][  0]LogDerivedDataCache:Display: Pak cache opened for reading ../../../Engine/DerivedDataCache/Compressed.ddp.
[2017.09.29-08.06.05:208][  0]LogDerivedDataCache: Using Local data cache path C:/Users/rifkiadrn/AppData/Local/UnrealEngine/Common/DerivedDataCache: Writable
[2017.09.29-08.06.05:220][  0]LogMaterial: Verifying Global Shaders for PCD3D_SM5
[2017.09.29-08.06.05:220][  0]LogSlate: Using Freetype 2.6.0
[2017.09.29-08.06.05:267][  0]LogSlate: SlateFontCache - WITH_FREETYPE: 1, WITH_HARFBUZZ: 1
[2017.09.29-08.06.05:267][  0]LogSlate: SlateFontCache - WITH_FREETYPE: 1, WITH_HARFBUZZ: 1
[2017.09.29-08.06.07:109][  0]LogInit: Selected Device Profile: [Windows]
[2017.09.29-08.06.07:200][  0]LogContentStreaming: Texture pool size is 0.00 MB
[2017.09.29-08.06.07:449][  0]LogMeshUtilities: Using QuadricMeshReduction for automatic static mesh reduction
[2017.09.29-08.06.07:513][  0]LogSimplygon: Simplygon DLL not present - disabling.
[2017.09.29-08.06.07:585][  0]LogMeshUtilities: Using SimplygonSwarm for distributed automatic mesh merging
[2017.09.29-08.06.07:585][  0]LogMeshUtilities: No automatic skeletal mesh reduction module available
[2017.09.29-08.06.07:585][  0]LogMeshUtilities: No automatic mesh merging module available
[2017.09.29-08.06.08:418][  0]LogNetVersion: Tutorial2 , NetCL: 3452394, EngineNetVer: 2, GameNetVer: 0 (Checksum: 2563404037)
[2017.09.29-08.06.08:501][  0]LogAssetRegistry: FAssetRegistry took 0.0268 seconds to start up
[2017.09.29-08.06.08:657][  0]LogPackageLocalizationCache: Processed 4 localized package path(s) for 2 prioritized culture(s) in 0.110278 seconds
[2017.09.29-08.06.08:665][  0]LogUObjectArray: 34194 objects as part of root set at end of initial load.
[2017.09.29-08.06.08:665][  0]LogUObjectAllocator: 7260416 out of 0 bytes used by permanent object pool.
[2017.09.29-08.06.08:665][  0]LogUObjectArray: CloseDisregardForGC: 0/0 objects in disregard for GC pool
[2017.09.29-08.06.08:781][  0]LogInit: WinSock: version 1.1 (2.2), MaxSocks=32767, MaxUdp=65467
[2017.09.29-08.06.34:924][  0]LogWmfMedia: Failed to load mf.dll
[2017.09.29-08.06.34:924][  0]LogWmfMedia: Failed to load required Windows Media Foundation libraries
[2017.09.29-08.06.35:004][  0]LogWindowsMoviePlayer: Could not load mf.dll. Library not found.
[2017.09.29-08.06.35:005][  0]LogWindowsMoviePlayer: Could not load mfplat.dll. Library not found.
[2017.09.29-08.06.35:005][  0]LogWindowsMoviePlayer: Could not load mfplay.dll. Library not found.
[2017.09.29-08.06.35:650][  0]LogTcpMessaging: Initializing TcpMessaging bridge
[2017.09.29-08.06.35:707][  0]LogUdpMessaging: Initializing bridge on interface 0.0.0.0:0 to multicast group 230.0.0.1:6666.
[2017.09.29-08.06.36:766][  0]LogMaterial: Uniform references updated for custom material expression Custom.
[2017.09.29-08.06.37:417][  0]SourceControl: Info Source control is disabled
[2017.09.29-08.06.37:554][  0]SourceControl: Info Source control is disabled
[2017.09.29-08.06.37:630][  0]SourceControl: Info Source control is disabled
[2017.09.29-08.06.37:705][  0]SourceControl: Info Source control is disabled
[2017.09.29-08.06.38:989][  0]LogAndroidPermission: UAndroidPermissionCallbackProxy::GetInstance
[2017.09.29-08.06.39:835][  0]LogEngine: Initializing Engine...
[2017.09.29-08.06.39:836][  0]LogHMD: Failed to initialize OpenVR with code 110
[2017.09.29-08.06.40:078][  0]LogStats: UGameplayTagsManager::ConstructGameplayTagTree: Construct from data asset -  0.000 s
[2017.09.29-08.06.40:078][  0]LogStats: UGameplayTagsManager::ConstructGameplayTagTree: GameplayTagTreeChangedEvent.Broadcast -  0.000 s
[2017.09.29-08.06.40:293][  0]LogAIModule: Creating AISystem for world Untitled
[2017.09.29-08.06.40:299][  0]LogInit: XAudio2 using 'Speakers (Conexant SmartAudio HD)' : 2 channels at 48 kHz using 32 bits per sample (channel mask 0x3)
[2017.09.29-08.06.40:345][  0]LogInit: FAudioDevice initialized.
[2017.09.29-08.06.40:400][  0]LogDerivedDataCache: Saved boot cache 0.05s 90MB C:/Users/rifkiadrn/AppData/Local/UnrealEngine/4.16/DerivedDataCache/Boot.ddc.
[2017.09.29-08.06.40:416][  0]LogInit: Texture streaming: Enabled
[2017.09.29-08.06.40:556][  0]LogEngineSessionManager: EngineSessionManager initialized
[2017.09.29-08.06.40:893][  0]LogInit: Transaction tracking system initialized
[2017.09.29-08.06.41:346][  0]BlueprintLog: New page: Editor Load
[2017.09.29-08.06.42:882][  0]LocalizationService: Info Localization service is disabled
[2017.09.29-08.06.43:872][  0]LogConsoleResponse:Display: 
[2017.09.29-08.06.44:142][  0]LogCook:Display: Max memory allowance for cook 16384mb min free memory 0mb
[2017.09.29-08.06.44:143][  0]LogCook:Display: Mobile HDR setting 1
[2017.09.29-08.06.44:934][  0]LogFileCache: Scanning file cache for directory 'C:/Users/rifkiadrn/Documents/Unreal Projects/Tutorial2 4.16/Content/' took 0.07s
[2017.09.29-08.06.45:674][  0]SourceControl: Info Source control is disabled
[2017.09.29-08.06.45:674][  0]Cmd: MAP LOAD FILE="../../../../../../Users/rifkiadrn/Documents/Unreal Projects/Tutorial2 4.16/Content/2DSideScrollerBP/Maps/2DSideScrollerExampleMap.umap" TEMPLATE=0 SHOWPROGRESS=1 FEATURELEVEL=3
[2017.09.29-08.06.45:717][  0]LightingResults: New page: Lighting Build
[2017.09.29-08.06.45:784][  0]MapCheck: New page: Map Check
[2017.09.29-08.06.45:784][  0]LightingResults: New page: Lighting Build
[2017.09.29-08.06.46:001][  0]LogAIModule: Creating AISystem for world 2DSideScrollerExampleMap
[2017.09.29-08.06.46:006][  0]LogEditorServer: Finished looking for orphan Actors (0.000 secs)
[2017.09.29-08.06.46:043][  0]Cmd: MAP CHECKDEP NOCLEARLOG
[2017.09.29-08.06.46:106][  0]MapCheck: Info Map check complete: 0 Error(s), 0 Warning(s), took 62.729ms to complete.
[2017.09.29-08.06.46:106][  0]LogFileHelpers: Loading map '2DSideScrollerExampleMap' took 0.432
[2017.09.29-08.06.46:362][  0]LogCollectionManager: Loaded 0 collections in 0.002315 seconds
[2017.09.29-08.06.46:459][  0]LogFileCache: Scanning file cache for directory 'C:/Users/rifkiadrn/Documents/Unreal Projects/Tutorial2 4.16/Saved/Collections/' took 0.01s
[2017.09.29-08.06.46:459][  0]LogFileCache: Scanning file cache for directory 'C:/Users/rifkiadrn/Documents/Unreal Projects/Tutorial2 4.16/Content/Developers/rifkiadrn/Collections/' took 0.01s
[2017.09.29-08.06.46:459][  0]LogFileCache: Scanning file cache for directory 'C:/Users/rifkiadrn/Documents/Unreal Projects/Tutorial2 4.16/Content/Collections/' took 0.01s
[2017.09.29-08.06.46:459][  0]LogCollectionManager: Rebuilt the GUID cache for 0 collections in 0.000002 seconds
[2017.09.29-08.06.46:470][  0]LogContentBrowser: Native class hierarchy populated in 0.0110 seconds. Added 2329 classes and 491 folders.
[2017.09.29-08.06.46:568][  0]LogContentBrowser: Native class hierarchy updated for 'WidgetCarousel' in 0.0006 seconds. Added 0 classes and 0 folders.
[2017.09.29-08.06.47:510][  0]LogContentBrowser: Native class hierarchy updated for 'AddContentDialog' in 0.0007 seconds. Added 0 classes and 0 folders.
[2017.09.29-08.06.47:571][  0]LogContentBrowser: Native class hierarchy updated for 'SceneOutliner' in 0.0006 seconds. Added 1 classes and 2 folders.
[2017.09.29-08.06.47:625][  0]LogCrashTracker: Crashtracker disabled due to settings.
[2017.09.29-08.06.47:632][  0]LogSlate: Took 0.000343 seconds to synchronously load lazily loaded font '../../../Engine/Content/Slate/Fonts/Roboto-Regular.ttf' (155K)
[2017.09.29-08.06.47:635][  0]LogSlate: Took 0.000296 seconds to synchronously load lazily loaded font '../../../Engine/Content/Slate/Fonts/Roboto-Bold.ttf' (160K)
[2017.09.29-08.06.47:653][  0]LogSlate: Took 0.013468 seconds to synchronously load lazily loaded font '../../../Engine/Content/Editor/Slate/Fonts/FontAwesome.ttf' (139K)
[2017.09.29-08.06.47:788][  0]LogRenderer: Reallocating scene render targets to support 856x372 NumSamples 1 (Frame:1).
[2017.09.29-08.06.48:044][  0]LogUObjectGlobals:Warning: Failed to find object 'Class None.'
[2017.09.29-08.06.48:130][  0]LogContentBrowser: Native class hierarchy updated for 'HierarchicalLODOutliner' in 0.0007 seconds. Added 1 classes and 2 folders.
[2017.09.29-08.06.48:130][  0]LogLoad: (Engine Initialization) Total time: 58.51 seconds
[2017.09.29-08.06.48:130][  0]LogLoad: (Engine Initialization) Total Blueprint compile time: 0.16 seconds
[2017.09.29-08.06.48:130][  0]LogExternalProfiler: No external profilers were discovered.  External profiling features will not be available.
[2017.09.29-08.06.48:148][  0]LogOcInput: OculusInput pre-init called
[2017.09.29-08.06.48:148][  0]LogHMD: Starting GearVRController plugin
[2017.09.29-08.06.48:165][  0]LogContentStreaming: Texture pool size now 1000 MB
[2017.09.29-08.06.48:207][  0]LogSlate: Took 0.020370 seconds to synchronously load lazily loaded font '../../../Engine/Content/Slate/Fonts/Roboto-Light.ttf' (159K)
[2017.09.29-08.06.48:232][  1]LogAssetRegistry: Asset discovery search completed in 39.7466 seconds
[2017.09.29-08.06.48:235][  1]LogCollectionManager: Rebuilt the object cache for 0 collections in 0.000000 seconds (found 0 objects)
[2017.09.29-08.06.48:235][  1]LogCollectionManager: Fixed up redirectors for 0 collections in 0.000040 seconds (updated 0 objects)
[2017.09.29-08.07.00:510][602]LogSlate: Took 0.000222 seconds to synchronously load lazily loaded font '../../../Engine/Content/Slate/Fonts/Roboto-Light.ttf' (159K)
[2017.09.29-08.07.00:563][602]LogAIModule: Creating AISystem for world Level
[2017.09.29-08.07.00:597][602]Cmd: MAP LOAD FILE="../../../../../../Users/rifkiadrn/Documents/Unreal Projects/Tutorial2 4.16/Content/2DSideScrollerBP/Blueprints/Level.umap" TEMPLATE=0 SHOWPROGRESS=1 FEATURELEVEL=3
[2017.09.29-08.07.00:597][602]LightingResults: New page: Lighting Build
[2017.09.29-08.07.00:598][602]LoadErrors: New page: Loading map: Level.umap
[2017.09.29-08.07.00:598][602]MapCheck: New page: Map Check
[2017.09.29-08.07.00:598][602]LightingResults: New page: Lighting Build
[2017.09.29-08.07.00:624][602]LogEditorServer: Finished looking for orphan Actors (0.000 secs)
[2017.09.29-08.07.00:675][602]Cmd: MAP CHECKDEP NOCLEARLOG
[2017.09.29-08.07.00:745][602]MapCheck: Info Map check complete: 0 Error(s), 0 Warning(s), took 69.574ms to complete.
[2017.09.29-08.07.00:745][602]LogFileHelpers: Loading map 'Level' took 0.148
[2017.09.29-08.07.02:503][682]LogTemp: Repeting last play command: Selected Viewport
[2017.09.29-08.07.02:673][682]LogPlayLevel: PlayLevel: No blueprints needed recompiling
[2017.09.29-08.07.02:673][682]PIE: New page: PIE session: Level (Sep 29, 2017, 10:07:02 PM)
[2017.09.29-08.07.02:673][682]LogPlayLevel: Creating play world package: /Game/2DSideScrollerBP/Blueprints/UEDPIE_0_Level
[2017.09.29-08.07.02:675][682]LogPlayLevel: PIE: StaticDuplicateObject took: (0.001608s)
[2017.09.29-08.07.02:676][682]LogAIModule: Creating AISystem for world Level
[2017.09.29-08.07.02:676][682]LogPlayLevel: PIE: World Init took: (0.000700s)
[2017.09.29-08.07.02:676][682]LogPlayLevel: PIE: Created PIE world by copying editor world from /Game/2DSideScrollerBP/Blueprints/Level.Level to /Game/2DSideScrollerBP/Blueprints/UEDPIE_0_Level.Level (0.002522s)
[2017.09.29-08.07.02:701][682]LogInit: XAudio2 using 'Speakers (Conexant SmartAudio HD)' : 2 channels at 48 kHz using 32 bits per sample (channel mask 0x3)
[2017.09.29-08.07.02:712][682]LogInit: FAudioDevice initialized.
[2017.09.29-08.07.02:760][682]LogLoad: Game class is 'MyGameMode_C'
[2017.09.29-08.07.02:762][682]LogWorld: Bringing World /Game/2DSideScrollerBP/Blueprints/UEDPIE_0_Level.Level up for play (max tick rate 60) at 2017.09.29-15.07.02
[2017.09.29-08.07.02:764][682]LogWorld: Bringing up level for play took: 0.002867
[2017.09.29-08.07.02:826][682]LogContentBrowser: Native class hierarchy updated for 'MovieSceneCapture' in 0.0007 seconds. Added 11 classes and 0 folders.
[2017.09.29-08.07.02:827][682]PIE: Info Play in editor start time for /Game/2DSideScrollerBP/Blueprints/UEDPIE_0_Level -0.842
[2017.09.29-08.07.18:574][496]LogTemp: Repeting last play command: Selected Viewport
[2017.09.29-08.07.18:608][496]LogPlayLevel: PlayLevel: No blueprints needed recompiling
[2017.09.29-08.07.18:608][496]PIE: New page: PIE session: Level (Sep 29, 2017, 10:07:18 PM)
[2017.09.29-08.07.18:608][496]LogPlayLevel: Creating play world package: /Game/2DSideScrollerBP/Blueprints/UEDPIE_0_Level
[2017.09.29-08.07.18:610][496]LogPlayLevel: PIE: StaticDuplicateObject took: (0.001919s)
[2017.09.29-08.07.18:615][496]LogAIModule: Creating AISystem for world Level
[2017.09.29-08.07.18:616][496]LogPlayLevel: PIE: World Init took: (0.005143s)
[2017.09.29-08.07.18:616][496]LogPlayLevel: PIE: Created PIE world by copying editor world from /Game/2DSideScrollerBP/Blueprints/Level.Level to /Game/2DSideScrollerBP/Blueprints/UEDPIE_0_Level.Level (0.007338s)
[2017.09.29-08.07.18:646][496]LogInit: XAudio2 using 'Speakers (Conexant SmartAudio HD)' : 2 channels at 48 kHz using 32 bits per sample (channel mask 0x3)
[2017.09.29-08.07.18:657][496]LogInit: FAudioDevice initialized.
[2017.09.29-08.07.18:687][496]LogLoad: Game class is 'MyGameMode_C'
[2017.09.29-08.07.18:689][496]LogWorld: Bringing World /Game/2DSideScrollerBP/Blueprints/UEDPIE_0_Level.Level up for play (max tick rate 60) at 2017.09.29-15.07.18
[2017.09.29-08.07.18:690][496]LogWorld: Bringing up level for play took: 0.002431
[2017.09.29-08.07.18:692][496]PIE: Info Play in editor start time for /Game/2DSideScrollerBP/Blueprints/UEDPIE_0_Level 1.02
[2017.09.29-08.07.30:921][152]Cmd: SELECT NONE
[2017.09.29-08.07.33:196][260]Cmd: SELECT NONE
[2017.09.29-08.08.29:360][586]LogWindowsTextInputMethodSystem:Display: IME system now deactivated.
[2017.09.29-08.08.29:543][587]Cmd: QUIT_EDITOR
[2017.09.29-08.08.30:317][587]LogExit: Preparing to exit.
[2017.09.29-08.08.30:883][587]LogDirectoryWatcher: A directory notification for 'C:/Users/rifkiadrn/Documents/Unreal Projects/Tutorial2 4.16/Content/' was aborted.
[2017.09.29-08.08.30:906][587]LogExit: Editor shut down
[2017.09.29-08.08.30:917][587]LogExit: Transaction tracking system shut down
[2017.09.29-08.08.30:976][587]LogObj: Freed 0b from 0 cluster array pools.
[2017.09.29-08.08.30:976][587]LogExit: Object subsystem successfully closed.
[2017.09.29-08.08.30:995][587]LogD3D11RHI: Shutdown
[2017.09.29-08.08.30:995][587]LogD3D11RHI: CleanupD3DDevice
[2017.09.29-08.08.31:098][587]LogD3D11RHI: ~FD3D11DynamicRHI
[2017.09.29-08.08.31:117][587]LogModuleManager: Shutting down and abandoning module MovieSceneCapture (526)
[2017.09.29-08.08.31:117][587]LogModuleManager: Shutting down and abandoning module HierarchicalLODOutliner (524)
[2017.09.29-08.08.31:117][587]LogModuleManager: Shutting down and abandoning module CrashTracker (522)
[2017.09.29-08.08.31:117][587]LogModuleManager: Shutting down and abandoning module SceneOutliner (520)
[2017.09.29-08.08.31:117][587]LogModuleManager: Shutting down and abandoning module AddContentDialog (518)
[2017.09.29-08.08.31:117][587]LogDirectoryWatcher: A directory notification for 'C:/Program Files/Unreal rar/UE_4.16/FeaturePacks/' was aborted.
[2017.09.29-08.08.31:118][587]LogModuleManager: Shutting down and abandoning module WidgetCarousel (517)
[2017.09.29-08.08.31:118][587]LogModuleManager: Shutting down and abandoning module EditorWidgets (514)
[2017.09.29-08.08.31:118][587]LogModuleManager: Shutting down and abandoning module CollectionManager (512)
[2017.09.29-08.08.31:118][587]LogDirectoryWatcher: A directory notification for 'C:/Users/rifkiadrn/Documents/Unreal Projects/Tutorial2 4.16/Content/Collections/' was aborted.
[2017.09.29-08.08.31:118][587]LogDirectoryWatcher: A directory notification for 'C:/Users/rifkiadrn/Documents/Unreal Projects/Tutorial2 4.16/Content/Developers/rifkiadrn/Collections/' was aborted.
[2017.09.29-08.08.31:118][587]LogDirectoryWatcher: A directory notification for 'C:/Users/rifkiadrn/Documents/Unreal Projects/Tutorial2 4.16/Saved/Collections/' was aborted.
[2017.09.29-08.08.31:118][587]LogModuleManager: Shutting down and abandoning module StatsViewer (510)
[2017.09.29-08.08.31:118][587]LogModuleManager: Shutting down and abandoning module FoliageEdit (508)
[2017.09.29-08.08.31:118][587]LogModuleManager: Shutting down and abandoning module LandscapeEditor (506)
[2017.09.29-08.08.31:118][587]LogModuleManager: Shutting down and abandoning module MeshPaintMode (504)
[2017.09.29-08.08.31:118][587]LogModuleManager: Shutting down and abandoning module SceneDepthPickerMode (502)
[2017.09.29-08.08.31:118][587]LogModuleManager: Shutting down and abandoning module ActorPickerMode (500)
[2017.09.29-08.08.31:118][587]LogModuleManager: Shutting down and abandoning module GeometryMode (498)
[2017.09.29-08.08.31:118][587]LogModuleManager: Shutting down and abandoning module TextureAlignMode (496)
[2017.09.29-08.08.31:118][587]LogModuleManager: Shutting down and abandoning module BspMode (494)
[2017.09.29-08.08.31:118][587]LogModuleManager: Shutting down and abandoning module HardwareSurvey (492)
[2017.09.29-08.08.31:118][587]LogModuleManager: Shutting down and abandoning module SequenceRecorderSections (490)
[2017.09.29-08.08.31:118][587]LogModuleManager: Shutting down and abandoning module AutomationWorker (488)
[2017.09.29-08.08.31:118][587]LogModuleManager: Shutting down and abandoning module MatineeToLevelSequence (486)
[2017.09.29-08.08.31:119][587]LogModuleManager: Shutting down and abandoning module LevelSequenceEditor (484)
[2017.09.29-08.08.31:119][587]LogModuleManager: Shutting down and abandoning module PlacementMode (483)
[2017.09.29-08.08.31:119][587]LogModuleManager: Shutting down and abandoning module WmfMediaFactory (480)
[2017.09.29-08.08.31:119][587]LogModuleManager: Shutting down and abandoning module WmfMediaEditor (478)
[2017.09.29-08.08.31:119][587]LogModuleManager: Shutting down and abandoning module AvfMediaFactory (476)
[2017.09.29-08.08.31:119][587]LogModuleManager: Shutting down and abandoning module AvfMediaEditor (474)
[2017.09.29-08.08.31:119][587]LogModuleManager: Shutting down and abandoning module AndroidMediaFactory (472)
[2017.09.29-08.08.31:119][587]LogModuleManager: Shutting down and abandoning module Media (471)
[2017.09.29-08.08.31:119][587]LogModuleManager: Shutting down and abandoning module AndroidMediaEditor (468)
[2017.09.29-08.08.31:119][587]LogModuleManager: Shutting down and abandoning module CharacterAI (466)
[2017.09.29-08.08.31:119][587]LogModuleManager: Shutting down and abandoning module AudioCapture (464)
[2017.09.29-08.08.31:119][587]LogModuleManager: Shutting down and abandoning module SequenceRecorder (463)
[2017.09.29-08.08.31:119][587]LogModuleManager: Shutting down and abandoning module SmartSnapping (460)
[2017.09.29-08.08.31:119][587]LogModuleManager: Shutting down and abandoning module SessionServices (458)
[2017.09.29-08.08.31:119][587]LogModuleManager: Shutting down and abandoning module ViewportSnapping (456)
[2017.09.29-08.08.31:119][587]LogModuleManager: Shutting down and abandoning module ViewportInteraction (454)
[2017.09.29-08.08.31:119][587]LogModuleManager: Shutting down and abandoning module ClothPainter (452)
[2017.09.29-08.08.31:119][587]LogModuleManager: Shutting down and abandoning module LogVisualizer (450)
[2017.09.29-08.08.31:119][587]LogModuleManager: Shutting down and abandoning module IntroTutorials (448)
[2017.09.29-08.08.31:119][587]LogModuleManager: Shutting down and abandoning module GameProjectGeneration (447)
[2017.09.29-08.08.31:119][587]LogModuleManager: Shutting down and abandoning module EditorLiveStreaming (444)
[2017.09.29-08.08.31:119][587]LogModuleManager: Shutting down and abandoning module IOSPlatformEditor (442)
[2017.09.29-08.08.31:119][587]LogModuleManager: Shutting down and abandoning module HTML5PlatformEditor (440)
[2017.09.29-08.08.31:119][587]LogModuleManager: Shutting down and abandoning module AndroidPlatformEditor (438)
[2017.09.29-08.08.31:119][587]LogModuleManager: Shutting down and abandoning module AndroidDeviceDetection (437)
[2017.09.29-08.08.31:432][587]LogModuleManager: Shutting down and abandoning module IOSRuntimeSettings (434)
[2017.09.29-08.08.31:432][587]LogModuleManager: Shutting down and abandoning module AndroidRuntimeSettings (432)
[2017.09.29-08.08.31:432][587]LogModuleManager: Shutting down and abandoning module InputBindingEditor (430)
[2017.09.29-08.08.31:432][587]LogModuleManager: Shutting down and abandoning module MergeActors (428)
[2017.09.29-08.08.31:432][587]LogModuleManager: Shutting down and abandoning module SizeMap (426)
[2017.09.29-08.08.31:432][587]LogModuleManager: Shutting down and abandoning module TreeMap (424)
[2017.09.29-08.08.31:432][587]LogModuleManager: Shutting down and abandoning module ReferenceViewer (422)
[2017.09.29-08.08.31:432][587]LogModuleManager: Shutting down and abandoning module LocalizationDashboard (420)
[2017.09.29-08.08.31:432][587]LogModuleManager: Shutting down and abandoning module LocalizationService (419)
[2017.09.29-08.08.31:432][587]LogModuleManager: Shutting down and abandoning module HardwareTargeting (416)
[2017.09.29-08.08.31:432][587]LogModuleManager: Shutting down and abandoning module DeviceProfileEditor (414)
[2017.09.29-08.08.31:432][587]LogModuleManager: Shutting down and abandoning module UndoHistory (412)
[2017.09.29-08.08.31:432][587]LogModuleManager: Shutting down and abandoning module UserFeedback (410)
[2017.09.29-08.08.31:432][587]LogModuleManager: Shutting down and abandoning module XmlParser (408)
[2017.09.29-08.08.31:432][587]LogModuleManager: Shutting down and abandoning module Blutility (406)
[2017.09.29-08.08.31:432][587]LogModuleManager: Shutting down and abandoning module ProjectSettingsViewer (404)
[2017.09.29-08.08.31:432][587]LogModuleManager: Shutting down and abandoning module ProjectTargetPlatformEditor (403)
[2017.09.29-08.08.31:433][587]LogModuleManager: Shutting down and abandoning module EditorSettingsViewer (400)
[2017.09.29-08.08.31:433][587]LogModuleManager: Shutting down and abandoning module SettingsEditor (398)
[2017.09.29-08.08.31:433][587]LogModuleManager: Shutting down and abandoning module ProjectLauncher (396)
[2017.09.29-08.08.31:433][587]LogModuleManager: Shutting down and abandoning module SessionFrontend (394)
[2017.09.29-08.08.31:433][587]LogModuleManager: Shutting down and abandoning module ProfilerClient (392)
[2017.09.29-08.08.31:433][587]LogModuleManager: Shutting down and abandoning module DeviceManager (390)
[2017.09.29-08.08.31:433][587]LogModuleManager: Shutting down and abandoning module TargetDeviceServices (389)
[2017.09.29-08.08.31:485][587]LogModuleManager: Shutting down and abandoning module AutomationController (386)
[2017.09.29-08.08.31:485][587]LogModuleManager: Shutting down and abandoning module AutomationWindow (384)
[2017.09.29-08.08.31:485][587]LogModuleManager: Shutting down and abandoning module Layers (382)
[2017.09.29-08.08.31:485][587]LogModuleManager: Shutting down and abandoning module ComponentVisualizers (380)
[2017.09.29-08.08.31:485][587]LogModuleManager: Shutting down and abandoning module DetailCustomizations (378)
[2017.09.29-08.08.31:485][587]LogModuleManager: Shutting down and abandoning module PackagesDialog (376)
[2017.09.29-08.08.31:485][587]LogModuleManager: Shutting down and abandoning module Persona (374)
[2017.09.29-08.08.31:485][587]LogModuleManager: Shutting down and abandoning module AdvancedPreviewScene (373)
[2017.09.29-08.08.31:485][587]LogModuleManager: Shutting down and abandoning module AnimGraph (371)
[2017.09.29-08.08.31:485][587]LogModuleManager: Shutting down and abandoning module Kismet (368)
[2017.09.29-08.08.31:485][587]LogModuleManager: Shutting down and abandoning module ClassViewer (366)
[2017.09.29-08.08.31:485][587]LogModuleManager: Shutting down and abandoning module Toolbox (364)
[2017.09.29-08.08.31:485][587]LogModuleManager: Shutting down and abandoning module ModuleUI (362)
[2017.09.29-08.08.31:485][587]LogModuleManager: Shutting down and abandoning module MovieSceneTools (360)
[2017.09.29-08.08.31:485][587]LogModuleManager: Shutting down and abandoning module OutputLog (358)
[2017.09.29-08.08.31:485][587]LogModuleManager: Shutting down and abandoning module GammaUI (356)
[2017.09.29-08.08.31:485][587]LogModuleManager: Shutting down and abandoning module Documentation (354)
[2017.09.29-08.08.31:485][587]LogModuleManager: Shutting down and abandoning module MovieSceneTracks (352)
[2017.09.29-08.08.31:485][587]LogModuleManager: Shutting down and abandoning module MovieScene (350)
[2017.09.29-08.08.31:485][587]LogModuleManager: Shutting down and abandoning module Niagara (348)
[2017.09.29-08.08.31:485][587]LogModuleManager: Shutting down and abandoning module NiagaraEditor (347)
[2017.09.29-08.08.31:486][587]LogModuleManager: Shutting down and abandoning module StreamingPauseRendering (344)
[2017.09.29-08.08.31:486][587]LogModuleManager: Shutting down and abandoning module AnalyticsET (342)
[2017.09.29-08.08.31:486][587]LogModuleManager: Shutting down and abandoning module PortalServices (340)
[2017.09.29-08.08.31:486][587]LogModuleManager: Shutting down and abandoning module PortalRpc (338)
[2017.09.29-08.08.31:486][587]LogModuleManager: Shutting down and abandoning module MessagingRpc (336)
[2017.09.29-08.08.31:486][587]LogModuleManager: Shutting down and abandoning module AIModule (334)
[2017.09.29-08.08.31:486][587]LogModuleManager: Shutting down and abandoning module GameplayDebugger (333)
[2017.09.29-08.08.31:486][587]LogModuleManager: Shutting down and abandoning module AITestSuite (331)
[2017.09.29-08.08.31:486][587]LogModuleManager: Shutting down and abandoning module ProfilerService (328)
[2017.09.29-08.08.31:721][587]LogModuleManager: Shutting down and abandoning module TaskGraph (326)
[2017.09.29-08.08.31:721][587]LogModuleManager: Shutting down and abandoning module SteamVRController (324)
[2017.09.29-08.08.31:721][587]LogModuleManager: Shutting down and abandoning module SteamVR (322)
[2017.09.29-08.08.31:721][587]LogModuleManager: Shutting down and abandoning module ProceduralMeshComponentEditor (320)
[2017.09.29-08.08.31:721][587]LogModuleManager: Shutting down and abandoning module ProceduralMeshComponent (318)
[2017.09.29-08.08.31:721][587]LogModuleManager: Shutting down and abandoning module OculusLibrary (316)
[2017.09.29-08.08.31:721][587]LogModuleManager: Shutting down and abandoning module OculusInput (314)
[2017.09.29-08.08.31:721][587]LogModuleManager: Shutting down and abandoning module MobilePatchingUtils (312)
[2017.09.29-08.08.31:721][587]LogModuleManager: Shutting down and abandoning module CustomMeshComponent (310)
[2017.09.29-08.08.31:721][587]LogModuleManager: Shutting down and abandoning module CableComponent (308)
[2017.09.29-08.08.31:721][587]LogModuleManager: Shutting down and abandoning module ArchVisCharacter (306)
[2017.09.29-08.08.31:721][587]LogModuleManager: Shutting down and abandoning module AndroidPermission (304)
[2017.09.29-08.08.31:721][587]LogModuleManager: Shutting down and abandoning module MediaPlayerEditor (300)
[2017.09.29-08.08.31:721][587]LogModuleManager: Shutting down and abandoning module HTML5Networking (298)
[2017.09.29-08.08.31:721][587]LogModuleManager: Shutting down and abandoning module AlembicImporter (296)
[2017.09.29-08.08.31:721][587]LogModuleManager: Shutting down and abandoning module AlembicLibrary (295)
[2017.09.29-08.08.31:721][587]LogModuleManager: Shutting down and abandoning module GeometryCache (294)
[2017.09.29-08.08.31:721][587]LogModuleManager: Shutting down and abandoning module GeometryCacheEd (293)
[2017.09.29-08.08.31:721][587]LogModuleManager: Shutting down and abandoning module SuperSearchEditor (288)
[2017.09.29-08.08.31:721][587]LogModuleManager: Shutting down and abandoning module SuperSearch (287)
[2017.09.29-08.08.31:721][587]LogModuleManager: Shutting down and abandoning module SpeedTreeImporter (284)
[2017.09.29-08.08.31:721][587]LogModuleManager: Shutting down and abandoning module PluginBrowser (282)
[2017.09.29-08.08.31:721][587]LogModuleManager: Shutting down and abandoning module MobileLauncherProfileWizard (280)
[2017.09.29-08.08.31:721][587]LogModuleManager: Shutting down and abandoning module VisualStudioSourceCodeAccess (278)
[2017.09.29-08.08.31:721][587]LogModuleManager: Shutting down and abandoning module DesktopPlatform (277)
[2017.09.29-08.08.31:721][587]LogModuleManager: Shutting down and abandoning module UObjectPlugin (274)
[2017.09.29-08.08.31:721][587]LogModuleManager: Shutting down and abandoning module SubversionSourceControl (272)
[2017.09.29-08.08.31:721][587]LogModuleManager: Shutting down and abandoning module PerforceSourceControl (270)
[2017.09.29-08.08.31:722][587]LogModuleManager: Shutting down and abandoning module GitSourceControl (268)
[2017.09.29-08.08.31:722][587]LogModuleManager: Shutting down and abandoning module SourceControl (267)
[2017.09.29-08.08.31:722][587]LogModuleManager: Shutting down and abandoning module LightPropagationVolumeEditor (264)
[2017.09.29-08.08.31:722][587]LogModuleManager: Shutting down and abandoning module PaperTiledImporter (262)
[2017.09.29-08.08.31:722][587]LogModuleManager: Shutting down and abandoning module PaperSpriteSheetImporter (260)
[2017.09.29-08.08.31:722][587]LogModuleManager: Shutting down and abandoning module Paper2DEditor (258)
[2017.09.29-08.08.31:722][587]LogModuleManager: Shutting down and abandoning module MeshPaint (257)
[2017.09.29-08.08.31:722][587]LogModuleManager: Shutting down and abandoning module LevelEditor (255)
[2017.09.29-08.08.31:722][587]LogModuleManager: Shutting down and abandoning module PixelInspectorModule (254)
[2017.09.29-08.08.31:722][587]LogModuleManager: Shutting down and abandoning module MainFrame (252)
[2017.09.29-08.08.31:722][587]LogModuleManager: Shutting down and abandoning module HotReload (251)
[2017.09.29-08.08.31:723][587]LogModuleManager: Shutting down and abandoning module PhysXVehiclesEditor (246)
[2017.09.29-08.08.31:723][587]LogModuleManager: Shutting down and abandoning module PhysXVehicles (244)
[2017.09.29-08.08.31:723][587]LogModuleManager: Shutting down and abandoning module LocationServicesBPLibrary (242)
[2017.09.29-08.08.31:723][587]LogModuleManager: Shutting down and abandoning module ImmediatePhysicsEditor (240)
[2017.09.29-08.08.31:723][587]LogModuleManager: Shutting down and abandoning module ImmediatePhysics (238)
[2017.09.29-08.08.31:723][587]LogModuleManager: Shutting down and abandoning module UdpMessaging (236)
[2017.09.29-08.08.31:823][587]LogModuleManager: Shutting down and abandoning module TcpMessaging (234)
[2017.09.29-08.08.31:924][587]LogModuleManager: Shutting down and abandoning module GameplayTagsEditor (232)
[2017.09.29-08.08.31:924][587]LogModuleManager: Shutting down and abandoning module FacialAnimationEditor (230)
[2017.09.29-08.08.31:924][587]LogModuleManager: Shutting down and abandoning module FacialAnimation (228)
[2017.09.29-08.08.31:924][587]LogModuleManager: Shutting down and abandoning module AssetManagerEditor (226)
[2017.09.29-08.08.31:924][587]LogModuleManager: Shutting down and abandoning module GraphEditor (225)
[2017.09.29-08.08.31:924][587]LogModuleManager: Shutting down and abandoning module ContentBrowser (223)
[2017.09.29-08.08.31:925][587]LogModuleManager: Shutting down and abandoning module LightPropagationVolumeRuntime (220)
[2017.09.29-08.08.31:925][587]LogModuleManager: Shutting down and abandoning module Paper2D (218)
[2017.09.29-08.08.31:925][587]LogModuleManager: Shutting down and abandoning module WindowsMoviePlayer (216)
[2017.09.29-08.08.31:925][587]LogModuleManager: Shutting down and abandoning module WmfMedia (214)
[2017.09.29-08.08.31:925][587]LogModuleManager: Shutting down and abandoning module ClothingSystemEditor (212)
[2017.09.29-08.08.31:925][587]LogModuleManager: Shutting down and abandoning module ClothingSystemRuntime (210)
[2017.09.29-08.08.31:925][587]LogModuleManager: Shutting down and abandoning module MediaAssets (208)
[2017.09.29-08.08.31:925][587]LogModuleManager: Shutting down and abandoning module GameLiveStreaming (206)
[2017.09.29-08.08.31:926][587]LogModuleManager: Shutting down and abandoning module VREditor (204)
[2017.09.29-08.08.31:926][587]LogModuleManager: Shutting down and abandoning module StringTableEditor (202)
[2017.09.29-08.08.31:926][587]LogModuleManager: Shutting down and abandoning module GameplayTasksEditor (200)
[2017.09.29-08.08.31:926][587]LogModuleManager: Shutting down and abandoning module BehaviorTreeEditor (198)
[2017.09.29-08.08.31:926][587]LogModuleManager: Shutting down and abandoning module FunctionalTesting (196)
[2017.09.29-08.08.31:926][587]LogModuleManager: Shutting down and abandoning module CollisionAnalyzer (194)
[2017.09.29-08.08.31:926][587]LogModuleManager: Shutting down and abandoning module UMG (192)
[2017.09.29-08.08.31:926][587]LogModuleManager: Shutting down and abandoning module UMGEditor (191)
[2017.09.29-08.08.31:926][587]LogModuleManager: Shutting down and abandoning module Sequencer (190)
[2017.09.29-08.08.31:926][587]LogModuleManager: Shutting down and abandoning module AssetTools (188)
[2017.09.29-08.08.31:926][587]LogModuleManager: Shutting down and abandoning module MessageLog (187)
[2017.09.29-08.08.31:926][587]LogModuleManager: Shutting down and abandoning module WorkspaceMenuStructure (186)
[2017.09.29-08.08.31:926][587]LogModuleManager: Shutting down and abandoning module SlateReflector (180)
[2017.09.29-08.08.31:926][587]LogModuleManager: Shutting down and abandoning module Slate (178)
[2017.09.29-08.08.31:926][587]LogModuleManager: Shutting down and abandoning module EditorStyle (176)
[2017.09.29-08.08.31:929][587]LogModuleManager: Shutting down and abandoning module SourceCodeAccess (174)
[2017.09.29-08.08.31:929][587]LogModuleManager: Shutting down and abandoning module HeadMountedDisplay (172)
[2017.09.29-08.08.31:929][587]LogModuleManager: Shutting down and abandoning module XAudio2 (170)
[2017.09.29-08.08.31:929][587]LogModuleManager: Shutting down and abandoning module Networking (168)
[2017.09.29-08.08.31:929][587]LogModuleManager: Shutting down and abandoning module Core (164)
[2017.09.29-08.08.31:929][587]LogModuleManager: Shutting down and abandoning module AssetRegistry (162)
[2017.09.29-08.08.32:073][587]LogDirectoryWatcher: A directory notification for '../../../Engine/Content/' was aborted.
[2017.09.29-08.08.32:073][587]LogDirectoryWatcher: A directory notification for '../../../../../../Users/rifkiadrn/Documents/Unreal Projects/Tutorial2 4.16/Content/' was aborted.
[2017.09.29-08.08.32:073][587]LogDirectoryWatcher: A directory notification for '../../../Engine/Plugins/2D/Paper2D/Content/' was aborted.
[2017.09.29-08.08.32:073][587]LogDirectoryWatcher: A directory notification for '../../../Engine/Plugins/Runtime/GearVR/Content/' was aborted.
[2017.09.29-08.08.32:076][587]LogModuleManager: Shutting down and abandoning module DirectoryWatcher (161)
[2017.09.29-08.08.32:078][587]LogModuleManager: Shutting down and abandoning module KismetCompiler (158)
[2017.09.29-08.08.32:078][587]LogModuleManager: Shutting down and abandoning module LevelSequence (156)
[2017.09.29-08.08.32:078][587]LogModuleManager: Shutting down and abandoning module PhysXFormats (154)
[2017.09.29-08.08.32:078][587]LogModuleManager: Shutting down and abandoning module MeshUtilities (152)
[2017.09.29-08.08.32:078][587]LogModuleManager: Shutting down and abandoning module SimplygonSwarm (151)
[2017.09.29-08.08.32:078][587]LogModuleManager: Shutting down and abandoning module SimplygonMeshReduction (149)
[2017.09.29-08.08.32:078][587]LogModuleManager: Shutting down and abandoning module QuadricMeshReduction (147)
[2017.09.29-08.08.32:078][587]LogModuleManager: Shutting down and abandoning module DerivedDataCache (144)
[2017.09.29-08.08.32:145][587]LogDerivedDataCache: Shutdown
[2017.09.29-08.08.32:145][587]LogModuleManager: Shutting down and abandoning module TargetPlatform (142)
[2017.09.29-08.08.32:145][587]LogModuleManager: Shutting down and abandoning module VulkanShaderFormat (141)
[2017.09.29-08.08.32:145][587]LogModuleManager: Shutting down and abandoning module ShaderFormatVectorVM (139)
[2017.09.29-08.08.32:145][587]LogModuleManager: Shutting down and abandoning module ShaderFormatOpenGL (137)
[2017.09.29-08.08.32:145][587]LogModuleManager: Shutting down and abandoning module ShaderFormatD3D (135)
[2017.09.29-08.08.32:145][587]LogModuleManager: Shutting down and abandoning module MetalShaderFormat (133)
[2017.09.29-08.08.32:145][587]LogModuleManager: Shutting down and abandoning module TextureFormatUncompressed (131)
[2017.09.29-08.08.32:145][587]LogModuleManager: Shutting down and abandoning module TextureFormatPVR (129)
[2017.09.29-08.08.32:145][587]LogModuleManager: Shutting down and abandoning module TextureFormatDXT (127)
[2017.09.29-08.08.32:145][587]LogModuleManager: Shutting down and abandoning module TextureFormatIntelISPCTexComp (125)
[2017.09.29-08.08.32:145][587]LogModuleManager: Shutting down and abandoning module TextureFormatASTC (123)
[2017.09.29-08.08.32:145][587]LogModuleManager: Shutting down and abandoning module ImageWrapper (122)
[2017.09.29-08.08.32:145][587]LogModuleManager: Shutting down and abandoning module TextureFormatAndroid (119)
[2017.09.29-08.08.32:145][587]LogModuleManager: Shutting down and abandoning module AudioFormatOpus (117)
[2017.09.29-08.08.32:145][587]LogModuleManager: Shutting down and abandoning module AudioFormatOgg (115)
[2017.09.29-08.08.32:145][587]LogModuleManager: Shutting down and abandoning module AudioFormatADPCM (113)
[2017.09.29-08.08.32:145][587]LogModuleManager: Shutting down and abandoning module LinuxTargetPlatform (111)
[2017.09.29-08.08.32:145][587]LogModuleManager: Shutting down and abandoning module LinuxServerTargetPlatform (109)
[2017.09.29-08.08.32:145][587]LogModuleManager: Shutting down and abandoning module LinuxNoEditorTargetPlatform (107)
[2017.09.29-08.08.32:145][587]LogModuleManager: Shutting down and abandoning module LinuxClientTargetPlatform (105)
[2017.09.29-08.08.32:145][587]LogModuleManager: Shutting down and abandoning module TVOSTargetPlatform (103)
[2017.09.29-08.08.32:146][587]LogModuleManager: Shutting down and abandoning module Messaging (101)
[2017.09.29-08.08.32:146][587]LogModuleManager: Shutting down and abandoning module IOSTargetPlatform (99)
[2017.09.29-08.08.32:146][587]LogModuleManager: Shutting down and abandoning module HTML5TargetPlatform (97)
[2017.09.29-08.08.32:146][587]LogModuleManager: Shutting down and abandoning module Android_PVRTCTargetPlatform (95)
[2017.09.29-08.08.32:146][587]LogModuleManager: Shutting down and abandoning module Android_MultiTargetPlatform (93)
[2017.09.29-08.08.32:146][587]LogModuleManager: Shutting down and abandoning module Android_ETC2TargetPlatform (91)
[2017.09.29-08.08.32:146][587]LogModuleManager: Shutting down and abandoning module Android_ETC1TargetPlatform (89)
[2017.09.29-08.08.32:146][587]LogModuleManager: Shutting down and abandoning module Android_DXTTargetPlatform (87)
[2017.09.29-08.08.32:146][587]LogModuleManager: Shutting down and abandoning module Android_ATCTargetPlatform (85)
[2017.09.29-08.08.32:146][587]LogModuleManager: Shutting down and abandoning module Android_ASTCTargetPlatform (83)
[2017.09.29-08.08.32:146][587]LogModuleManager: Shutting down and abandoning module AndroidTargetPlatform (81)
[2017.09.29-08.08.32:146][587]LogModuleManager: Shutting down and abandoning module WindowsTargetPlatform (79)
[2017.09.29-08.08.32:146][587]LogModuleManager: Shutting down and abandoning module WindowsServerTargetPlatform (77)
[2017.09.29-08.08.32:146][587]LogModuleManager: Shutting down and abandoning module WindowsNoEditorTargetPlatform (75)
[2017.09.29-08.08.32:146][587]LogModuleManager: Shutting down and abandoning module WindowsClientTargetPlatform (73)
[2017.09.29-08.08.32:146][587]LogModuleManager: Shutting down and abandoning module MacTargetPlatform (71)
[2017.09.29-08.08.32:146][587]LogModuleManager: Shutting down and abandoning module MacServerTargetPlatform (69)
[2017.09.29-08.08.32:146][587]LogModuleManager: Shutting down and abandoning module MacNoEditorTargetPlatform (67)
[2017.09.29-08.08.32:146][587]LogModuleManager: Shutting down and abandoning module MacClientTargetPlatform (65)
[2017.09.29-08.08.32:146][587]LogModuleManager: Shutting down and abandoning module AllDesktopTargetPlatform (63)
[2017.09.29-08.08.32:146][587]LogModuleManager: Shutting down and abandoning module InputCore (60)
[2017.09.29-08.08.32:146][587]LogModuleManager: Shutting down and abandoning module Settings (58)
[2017.09.29-08.08.32:146][587]LogModuleManager: Shutting down and abandoning module OculusRift (56)
[2017.09.29-08.08.32:146][587]LogModuleManager: Shutting down and abandoning module GearVRController (54)
[2017.09.29-08.08.32:146][587]LogModuleManager: Shutting down and abandoning module GearVR (52)
[2017.09.29-08.08.32:146][587]LogModuleManager: Shutting down and abandoning module ExampleDeviceProfileSelector (50)
[2017.09.29-08.08.32:146][587]LogModuleManager: Shutting down and abandoning module OnlineBlueprintSupport (48)
[2017.09.29-08.08.32:146][587]LogModuleManager: Shutting down and abandoning module OnlineSubsystem (44)
[2017.09.29-08.08.32:146][587]LogOnline:Display: Unloading online subsystem: NULL
[2017.09.29-08.08.32:146][587]LogModuleManager: Shutting down and abandoning module XMPP (43)
[2017.09.29-08.08.32:146][587]LogModuleManager: Shutting down and abandoning module HTTP (41)
[2017.09.29-08.08.32:146][587]LogHttp:Display: Http module shutting down, but needs to wait on 1 outstanding Http requests:
[2017.09.29-08.08.32:146][587]LogHttp:Display: 	verb=[POST] url=[https://datarouter.ol.epicgames.com/datarouter/api/v1/public/data?SessionID=%7B619869D8-4220-CA8F-D960-76940C09F1A2%7D&AppID=UEEditor.Rocket.Release&AppVersion=4.16.3-3561208%2B%2B%2BUE4%2BRelease-4.16&UserID=77028a7847445427ba921f816a2c5f83%7C%7C7d36cb8c-10b2-4c52-bd77-5cf9760b728e&AppEnvironment=datacollector-binary&UploadType=eteventstream] status=Processing
[2017.09.29-08.08.32:161][587]LogModuleManager: Shutting down and abandoning module SSL (40)
[2017.09.29-08.08.32:163][587]LogModuleManager: Shutting down and abandoning module HTTPChunkInstaller (36)
[2017.09.29-08.08.32:163][587]LogModuleManager: Shutting down and abandoning module AnimationModifiers (34)
[2017.09.29-08.08.32:163][587]LogModuleManager: Shutting down and abandoning module PropertyEditor (33)
[2017.09.29-08.08.32:163][587]LogModuleManager: Shutting down and abandoning module AudioEditor (30)
[2017.09.29-08.08.32:163][587]LogModuleManager: Shutting down and abandoning module TextureCompressor (28)
[2017.09.29-08.08.32:163][587]LogModuleManager: Shutting down and abandoning module ShaderCore (26)
[2017.09.29-08.08.32:163][587]LogModuleManager: Shutting down and abandoning module Landscape (24)
[2017.09.29-08.08.32:163][587]LogModuleManager: Shutting down and abandoning module SlateRHIRenderer (22)
[2017.09.29-08.08.32:164][587]LogModuleManager: Shutting down and abandoning module OpenGLDrv (20)
[2017.09.29-08.08.32:164][587]LogModuleManager: Shutting down and abandoning module D3D11RHI (18)
[2017.09.29-08.08.32:164][587]LogModuleManager: Shutting down and abandoning module AnimGraphRuntime (16)
[2017.09.29-08.08.32:164][587]LogModuleManager: Shutting down and abandoning module Renderer (14)
[2017.09.29-08.08.32:164][587]LogModuleManager: Shutting down and abandoning module Engine (12)
[2017.09.29-08.08.32:164][587]LogModuleManager: Shutting down and abandoning module CoreUObject (10)
[2017.09.29-08.08.32:164][587]LogModuleManager: Shutting down and abandoning module NetworkFile (8)
[2017.09.29-08.08.32:164][587]LogModuleManager: Shutting down and abandoning module StreamingFile (6)
[2017.09.29-08.08.32:164][587]LogModuleManager: Shutting down and abandoning module SandboxFile (4)
[2017.09.29-08.08.32:164][587]LogModuleManager: Shutting down and abandoning module PakFile (2)
[2017.09.29-08.08.32:167][587]LogExit: Exiting.
[2017.09.29-08.08.32:181][587]Log file closed, 09/29/17 15:08:32
